Backtest: 2025-01-02 → 2026-06-10 | ticker SPY | start $10,000 | fee 
$0.05/contract | smile=static | fills=mid

Backtesting SPY: 0%
Backtesting SPY 2025-02-11: 7%
Backtesting SPY 2025-03-13: 13%
Backtesting SPY 2025-04-10: 18%
Backtesting SPY 2025-05-12: 24%
Backtesting SPY 2025-05-14: 25%
Backtesting SPY 2025-06-18: 31%
Backtesting SPY 2025-07-18: 37%
Backtesting SPY 2025-07-24: 38%
Backtesting SPY 2025-07-24: 38%
Backtesting SPY 2025-08-29: 45%
Backtesting SPY 2025-09-23: 50%
Backtesting SPY 2025-10-01: 51%
Backtesting SPY 2025-10-02: 52%
Backtesting SPY 2025-10-09: 53%
Backtesting SPY 2025-10-13: 54%
Backtesting SPY 2025-10-30: 57%
Backtesting SPY 2025-11-25: 62%
Backtesting SPY 2025-12-24: 68%
Backtesting SPY 2026-01-15: 72%
Backtesting SPY 2026-01-22: 73%
Backtesting SPY 2026-02-02: 75%
Backtesting SPY 2026-02-23: 79%
Backtesting SPY 2026-03-10: 82%
Backtesting SPY 2026-03-26: 85%
Backtesting SPY 2026-04-23: 90%
Backtesting SPY 2026-05-15: 95%
Backtesting SPY 2026-05-20: 96%
Backtesting SPY 2026-05-28: 97%
Backtesting SPY 2026-06-02: 98%
Backtesting SPY 2026-06-05: 99%
Backtest assumptions:
  • Quotes prefer captured per-minute option bars when available (from `wa ai 
history <ticker> --options`); legs without captured data fall back to 
Black-Scholes synthesized — SPX-family uses VIX as ATM IV, other tickers use 
30-day realized HV × premium. Bid/ask is always synthesized with a per-ticker 
half-spread (the captured endpoint reports trade prints, not NBBO).
  • Opens/closes/rolls price off the day's bar.Open at the first RTH minute 
(stamped 09:30 ET under our normalized start-of-bar convention — Webull's native
end-of-bar timestamps are shifted -60s at parse to match 
Polygon/ToS/TradingView); expirations settle at bar.Close intrinsic (stamped 
16:00 ET).
  • Intraday rule triggering: StopLoss / TakeProfit / LegInShort walk the day's 
minute bars chronologically, re-pricing the position at each minute's spot 
(remaining-session TTE for 0DTE) and firing on the first qualifying minute. SL 
is evaluated before TP when both cross at the same minute (conservative whipsaw 
assumption). LegInShort runs before SL/TP per minute; when it fires the position
converts to a vertical and intraday SL/TP stops for the day. Other rules (rolls,
closeBeforeShortExpiry) only fire at EOD.
  • Assignment / early exercise not modeled — expiring positions settle at 
intrinsic.

                                Backtest summary                                
╭─────────────────────────────────────┬────────────────────────────────────────╮
│ Metric                              │                                  Value │
├─────────────────────────────────────┼────────────────────────────────────────┤
│ Starting cash                       │                             $10,000.00 │
│ Ending cash                         │                             $31,482.65 │
│ Open positions MTM                  │                              $4,696.00 │
│ Ending equity                       │                             $36,178.65 │
│ Realized P&L (closed lifecycles)    │                   $26,812.25 (268.12%) │
│ Unrealized P&L (open lifecycles)    │                      $-633.60 (-6.34%) │
│ Total P&L                           │                   $26,178.65 (261.79%) │
│ Total fees                          │                                $242.85 │
│ Peak equity                         │                $37,637.10 (2026-06-03) │
│ Trough equity                       │                 $7,561.10 (2025-01-29) │
│ Max drawdown                        │             $4,973.85 (13.22% of peak) │
│ Trading days                        │                                    360 │
│ Longest win streak                  │      14 days (2026-04-13 → 2026-05-06) │
│ Longest loss streak                 │       4 days (2025-01-21 → 2025-01-29) │
│ Opens                               │                    292 (81.1% of days) │
│ Closes (rules)                      │                                    291 │
│ Rolls                               │                                     12 │
│ Leg-ins                             │                                      0 │
│ Expirations                         │                                     66 │
│ Win rate (closed lifecycles)        │                   72.2% (210 W / 81 L) │
│ Real-bar pricing (0DTE legs)        │                       100.0% (128/128) │
│ Real-bar pricing (>0DTE legs)       │                       100.0% (996/996) │
│ Clean trades (all legs real-priced) │ 291 trades, $26,812 (72% win, PF 1.56, │
│                                     │                         exp $92/trade) │
│ Avg win / loss (per trade)          │                     $356.41 / $-593.00 │
│ Expectancy (per trade)              │                                 $92.14 │
│ Profit factor                       │                                   1.56 │
╰─────────────────────────────────────┴────────────────────────────────────────╯

