Backtest: 2025-01-02 → 2026-06-10 | ticker SPY | start $10,000 | fee 
$0.05/contract | smile=static | fills=mid

Backtesting SPY: 0%
Backtesting SPY 2025-02-10: 7%
Backtesting SPY 2025-03-13: 13%
Backtesting SPY 2025-04-10: 18%
Backtesting SPY 2025-05-12: 24%
Backtesting SPY 2025-05-14: 25%
Backtesting SPY 2025-06-18: 31%
Backtesting SPY 2025-07-17: 37%
Backtesting SPY 2025-07-24: 38%
Backtesting SPY 2025-08-01: 40%
Backtesting SPY 2025-09-10: 47%
Backtesting SPY 2025-09-11: 48%
Backtesting SPY 2025-09-11: 48%
Backtesting SPY 2025-09-17: 49%
Backtesting SPY 2025-09-23: 50%
Backtesting SPY 2025-10-01: 51%
Backtesting SPY 2025-10-02: 52%
Backtesting SPY 2025-10-09: 53%
Backtesting SPY 2025-10-29: 57%
Backtesting SPY 2025-11-26: 63%
Backtesting SPY 2025-12-24: 68%
Backtesting SPY 2026-01-15: 72%
Backtesting SPY 2026-01-15: 72%
Backtesting SPY 2026-02-02: 75%
Backtesting SPY 2026-02-26: 80%
Backtesting SPY 2026-03-18: 83%
Backtesting SPY 2026-04-09: 88%
Backtesting SPY 2026-05-01: 92%
Backtesting SPY 2026-05-15: 95%
Backtesting SPY 2026-05-20: 96%
Backtesting SPY 2026-05-28: 97%
Backtesting SPY 2026-06-02: 98%
Backtesting SPY 2026-06-05: 99%
Backtest assumptions:
  • Quotes prefer captured per-minute option bars when available (from `wa ai 
history <ticker> --options`); legs without captured data fall back to 
Black-Scholes synthesized — SPX-family uses VIX as ATM IV, other tickers use 
30-day realized HV × premium. Bid/ask is always synthesized with a per-ticker 
half-spread (the captured endpoint reports trade prints, not NBBO).
  • Opens/closes/rolls price off the day's bar.Open at the first RTH minute 
(stamped 09:30 ET under our normalized start-of-bar convention — Webull's native
end-of-bar timestamps are shifted -60s at parse to match 
Polygon/ToS/TradingView); expirations settle at bar.Close intrinsic (stamped 
16:00 ET).
  • Intraday rule triggering: StopLoss / TakeProfit / LegInShort walk the day's 
minute bars chronologically, re-pricing the position at each minute's spot 
(remaining-session TTE for 0DTE) and firing on the first qualifying minute. SL 
is evaluated before TP when both cross at the same minute (conservative whipsaw 
assumption). LegInShort runs before SL/TP per minute; when it fires the position
converts to a vertical and intraday SL/TP stops for the day. Other rules (rolls,
closeBeforeShortExpiry) only fire at EOD.
  • Assignment / early exercise not modeled — expiring positions settle at 
intrinsic.

                                Backtest summary                                
╭─────────────────────────────────────┬────────────────────────────────────────╮
│ Metric                              │                                  Value │
├─────────────────────────────────────┼────────────────────────────────────────┤
│ Starting cash                       │                             $10,000.00 │
│ Ending cash                         │                             $32,599.86 │
│ Open positions MTM                  │                              $4,989.50 │
│ Ending equity                       │                             $37,589.36 │
│ Realized P&L (closed lifecycles)    │                   $28,262.56 (282.63%) │
│ Unrealized P&L (open lifecycles)    │                      $-673.20 (-6.73%) │
│ Total P&L                           │                   $27,589.36 (275.89%) │
│ Total fees                          │                                $255.15 │
│ Peak equity                         │                $38,267.66 (2026-06-03) │
│ Trough equity                       │                 $7,123.75 (2025-02-03) │
│ Max drawdown                        │             $4,904.45 (12.82% of peak) │
│ Trading days                        │                                    360 │
│ Longest win streak                  │      13 days (2025-05-29 → 2025-06-23) │
│ Longest loss streak                 │       4 days (2025-01-21 → 2025-01-29) │
│ Opens                               │                    231 (64.2% of days) │
│ Closes (rules)                      │                                    230 │
│ Rolls                               │                                      8 │
│ Leg-ins                             │                                      0 │
│ Expirations                         │                                     40 │
│ Win rate (closed lifecycles)        │                   73.9% (170 W / 60 L) │
│ Real-bar pricing (0DTE legs)        │                       100.0% (152/152) │
│ Real-bar pricing (>0DTE legs)       │                       100.0% (975/975) │
│ Clean trades (all legs real-priced) │ 230 trades, $28,263 (74% win, PF 1.59, │
│                                     │                        exp $123/trade) │
│ Avg win / loss (per trade)          │                     $447.86 / $-797.88 │
│ Expectancy (per trade)              │                                $122.88 │
│ Profit factor                       │                                   1.59 │
╰─────────────────────────────────────┴────────────────────────────────────────╯

